<?xml version="1.0" encoding="UTF-8"?>
<testng-results ignored="0" total="2" passed="2" failed="0" skipped="0">
  <reporter-output>
  </reporter-output>
  <suite started-at="2024-07-03T18:01:07 IST" name="Suite" finished-at="2024-07-03T18:01:50 IST" duration-ms="43035">
    <groups>
    </groups>
    <test started-at="2024-07-03T18:01:07 IST" name="Testing On Chrome" finished-at="2024-07-03T18:01:24 IST" duration-ms="17906">
      <class name="testng_testcases.Autos">
        <test-method signature="scenario1(java.lang.String)[pri:0, instance:testng_testcases.Autos@7674f035]" started-at="2024-07-03T18:01:07 IST" name="scenario1" finished-at="2024-07-03T18:01:24 IST" duration-ms="17867" status="PASS">
          <params>
            <param index="0">
              <value>
                <![CDATA[Chrome]]>
              </value>
            </param>
          </params>
          <reporter-output>
          </reporter-output>
        </test-method> <!-- scenario1 -->
      </class> <!-- testng_testcases.Autos -->
    </test> <!-- Testing On Chrome -->
    <test started-at="2024-07-03T18:01:25 IST" name="Testing On Firefox" finished-at="2024-07-03T18:01:50 IST" duration-ms="25015">
      <class name="testng_testcases.Autos">
        <test-method signature="scenario1(java.lang.String)[pri:0, instance:testng_testcases.Autos@6d60fe40]" started-at="2024-07-03T18:01:25 IST" name="scenario1" finished-at="2024-07-03T18:01:50 IST" duration-ms="25010" status="PASS">
          <params>
            <param index="0">
              <value>
                <![CDATA[Firefox]]>
              </value>
            </param>
          </params>
          <reporter-output>
          </reporter-output>
        </test-method> <!-- scenario1 -->
      </class> <!-- testng_testcases.Autos -->
    </test> <!-- Testing On Firefox -->
  </suite> <!-- Suite -->
</testng-results>
