<?xml version="1.0" encoding="UTF-8"?>
<!-- Generated by org.testng.reporters.JUnitXMLReporter -->
<testsuite ignored="0" hostname="IBM-PF367SN3" failures="0" tests="2" name="Testing on chrome" time="16.313" errors="0" timestamp="2024-07-02T18:49:16 IST">
  <testcase classname="testng_testcases.TestCase1" name="login_to_amazon" time="0.0">
    <skipped/>
  </testcase> <!-- login_to_amazon -->
  <testcase classname="testng_testcases.TestCase2" name="searching_on_amazon" time="16.253"/>
</testsuite> <!-- Testing on chrome -->
