<?xml version="1.0" encoding="UTF-8"?>
<!-- Generated by org.testng.reporters.JUnitXMLReporter -->
<testsuite ignored="0" hostname="IBM-PF367SN3" failures="0" tests="2" name="Testing on Firefox" time="9.388" errors="0" timestamp="2024-07-02T18:48:59 IST">
  <testcase classname="testng_testcases.LaunchQuit" name="@BeforeMethod launch" time="0.01">
    <failure type="java.lang.NullPointerException" message="Cannot invoke &amp;quot;org.openqa.selenium.WebDriver.get(String)&amp;quot; because &amp;quot;this.driver&amp;quot; is null">
      <![CDATA[java.lang.NullPointerException: Cannot invoke "org.openqa.selenium.WebDriver.get(String)" because "this.driver" is null
at testng_testcases.LaunchQuit.launch(LaunchQuit.java:25)
at java.base/java.util.ArrayList.forEach(ArrayList.java:1597)
... Removed 29 stack frames]]>
    </failure>
  </testcase> <!-- @BeforeMethod launch -->
  <testcase classname="testng_testcases.LaunchQuit" name="@AfterMethod quit" time="0.0">
    <skipped/>
  </testcase> <!-- @AfterMethod quit -->
  <testcase classname="testng_testcases.TestCase1" name="login_to_amazon" time="0.0">
    <skipped/>
  </testcase> <!-- login_to_amazon -->
  <testcase classname="testng_testcases.TestCase2" name="searching_on_amazon" time="9.306"/>
</testsuite> <!-- Testing on Firefox -->
